Determining if the pthread_create exist failed with the following output:
Change Dir: /home/aimlab3/davinci_vision/color_correction_stream/build/CMakeFiles/CMakeTmp

Run Build Command:"/usr/bin/make" "cmTC_1236c/fast"
/usr/bin/make -f CMakeFiles/cmTC_1236c.dir/build.make CMakeFiles/cmTC_1236c.dir/build
make[1]: Entering directory '/home/aimlab3/davinci_vision/color_correction_stream/build/CMakeFiles/CMakeTmp'
Building C object CMakeFiles/cmTC_1236c.dir/CheckSymbolExists.c.o
/usr/bin/gcc    -o CMakeFiles/cmTC_1236c.dir/CheckSymbolExists.c.o   -c /home/aimlab3/davinci_vision/color_correction_stream/build/CMakeFiles/CMakeTmp/CheckSymbolExists.c
Linking C executable cmTC_1236c
/usr/bin/cmake -E cmake_link_script CMakeFiles/cmTC_1236c.dir/link.txt --verbose=1
/usr/bin/gcc      -rdynamic CMakeFiles/cmTC_1236c.dir/CheckSymbolExists.c.o  -o cmTC_1236c 
CMakeFiles/cmTC_1236c.dir/CheckSymbolExists.c.o: In function `main':
CheckSymbolExists.c:(.text+0x1b): undefined reference to `pthread_create'
collect2: error: ld returned 1 exit status
CMakeFiles/cmTC_1236c.dir/build.make:97: recipe for target 'cmTC_1236c' failed
make[1]: *** [cmTC_1236c] Error 1
make[1]: Leaving directory '/home/aimlab3/davinci_vision/color_correction_stream/build/CMakeFiles/CMakeTmp'
Makefile:126: recipe for target 'cmTC_1236c/fast' failed
make: *** [cmTC_1236c/fast] Error 2

File /home/aimlab3/davinci_vision/color_correction_stream/build/CMakeFiles/CMakeTmp/CheckSymbolExists.c:
/* */
#include <pthread.h>

int main(int argc, char** argv)
{
  (void)argv;
#ifndef pthread_create
  return ((int*)(&pthread_create))[argc];
#else
  (void)argc;
  return 0;
#endif
}

Determining if the function pthread_create exists in the pthreads failed with the following output:
Change Dir: /home/aimlab3/davinci_vision/color_correction_stream/build/CMakeFiles/CMakeTmp

Run Build Command:"/usr/bin/make" "cmTC_ebcbb/fast"
/usr/bin/make -f CMakeFiles/cmTC_ebcbb.dir/build.make CMakeFiles/cmTC_ebcbb.dir/build
make[1]: Entering directory '/home/aimlab3/davinci_vision/color_correction_stream/build/CMakeFiles/CMakeTmp'
Building C object CMakeFiles/cmTC_ebcbb.dir/CheckFunctionExists.c.o
/usr/bin/gcc   -DCHECK_FUNCTION_EXISTS=pthread_create   -o CMakeFiles/cmTC_ebcbb.dir/CheckFunctionExists.c.o   -c /usr/share/cmake-3.10/Modules/CheckFunctionExists.c
Linking C executable cmTC_ebcbb
/usr/bin/cmake -E cmake_link_script CMakeFiles/cmTC_ebcbb.dir/link.txt --verbose=1
/usr/bin/gcc  -DCHECK_FUNCTION_EXISTS=pthread_create    -rdynamic CMakeFiles/cmTC_ebcbb.dir/CheckFunctionExists.c.o  -o cmTC_ebcbb -lpthreads 
/usr/bin/ld: cannot find -lpthreads
collect2: error: ld returned 1 exit status
CMakeFiles/cmTC_ebcbb.dir/build.make:97: recipe for target 'cmTC_ebcbb' failed
make[1]: *** [cmTC_ebcbb] Error 1
make[1]: Leaving directory '/home/aimlab3/davinci_vision/color_correction_stream/build/CMakeFiles/CMakeTmp'
Makefile:126: recipe for target 'cmTC_ebcbb/fast' failed
make: *** [cmTC_ebcbb/fast] Error 2


